<?xml version="1.0" encoding="UTF-8"?>
<!-- Generated by org.testng.reporters.JUnitXMLReporter -->
<testsuite hostname="LAPTOP-O680H5P2" name="hub spot regression Test" tests="2" failures="2" timestamp="11 Jul 2019 00:19:30 GMT" time="16.437" errors="0">
  <testcase name="getBrokenLinkTest" time="0.004" classname="com.hubspot.tests.LoginPageTest">
    <failure type="java.lang.StringIndexOutOfBoundsException" message="String index out of range: -1">
      <![CDATA[java.lang.StringIndexOutOfBoundsException: String index out of range: -1
	at java.lang.String.substring(Unknown Source)
	at com.hubspot.listeners.ExtentReportListener.onTestStart(ExtentReportListener.java:69)
... Removed 21 stack frames]]>
    </failure>
  </testcase> <!-- getBrokenLinkTest -->
  <testcase name="getBrokenLinkTest" time="15.413" classname="com.hubspot.tests.LoginPageTest">
    <failure type="java.lang.NullPointerException">
      <![CDATA[java.lang.NullPointerException
	at com.hubspot.listeners.ExtentReportListener.onTestFailure(ExtentReportListener.java:95)
... Removed 21 stack frames]]>
    </failure>
  </testcase> <!-- getBrokenLinkTest -->
</testsuite> <!-- hub spot regression Test -->
