<?xml version="1.0" encoding="UTF-8"?>
<testng-results skipped="0" failed="1" total="3" passed="2">
  <reporter-output>
  </reporter-output>
  <suite name="Suite" duration-ms="54700" started-at="2019-07-03T14:34:35Z" finished-at="2019-07-03T14:35:30Z">
    <groups>
    </groups>
    <test name="hub spot regression Test" duration-ms="54700" started-at="2019-07-03T14:34:35Z" finished-at="2019-07-03T14:35:30Z">
      <class name="com.hotspot.tests.LoginPageTest">
        <test-method status="PASS" signature="setup()[pri:0, instance:com.hotspot.tests.LoginPageTest@56cbfb61]" name="setup" is-config="true" duration-ms="12866" started-at="2019-07-03T10:34:35Z" finished-at="2019-07-03T10:34:48Z">
          <reporter-output>
          </reporter-output>
        </test-method> <!-- setup -->
        <test-method status="PASS" signature="getAllLinkTest()[pri:0, instance:com.hotspot.tests.LoginPageTest@56cbfb61]" name="getAllLinkTest" duration-ms="149" started-at="2019-07-03T10:34:48Z" finished-at="2019-07-03T10:34:48Z">
          <reporter-output>
          </reporter-output>
        </test-method> <!-- getAllLinkTest -->
        <test-method status="PASS" signature="tearDown()[pri:0, instance:com.hotspot.tests.LoginPageTest@56cbfb61]" name="tearDown" is-config="true" duration-ms="713" started-at="2019-07-03T10:34:48Z" finished-at="2019-07-03T10:34:49Z">
          <reporter-output>
          </reporter-output>
        </test-method> <!-- tearDown -->
      </class> <!-- com.hotspot.tests.LoginPageTest -->
      <class name="com.hotspot.tests.HomePageTest">
        <test-method status="PASS" signature="setUp()[pri:0, instance:com.hotspot.tests.HomePageTest@1134affc]" name="setUp" is-config="true" duration-ms="14994" started-at="2019-07-03T10:34:49Z" finished-at="2019-07-03T10:35:04Z">
          <reporter-output>
          </reporter-output>
        </test-method> <!-- setUp -->
        <test-method status="PASS" signature="verifyHomePageTitle()[pri:1, instance:com.hotspot.tests.HomePageTest@1134affc]" name="verifyHomePageTitle" duration-ms="1802" started-at="2019-07-03T10:35:04Z" finished-at="2019-07-03T10:35:06Z">
          <reporter-output>
          </reporter-output>
        </test-method> <!-- verifyHomePageTitle -->
        <test-method status="PASS" signature="tearDown()[pri:0, instance:com.hotspot.tests.HomePageTest@1134affc]" name="tearDown" is-config="true" duration-ms="728" started-at="2019-07-03T10:35:06Z" finished-at="2019-07-03T10:35:06Z">
          <reporter-output>
          </reporter-output>
        </test-method> <!-- tearDown -->
        <test-method status="PASS" signature="setUp()[pri:0, instance:com.hotspot.tests.HomePageTest@1134affc]" name="setUp" is-config="true" duration-ms="12524" started-at="2019-07-03T10:35:06Z" finished-at="2019-07-03T10:35:19Z">
          <reporter-output>
          </reporter-output>
        </test-method> <!-- setUp -->
        <test-method status="FAIL" signature="verifyLoggedInUserAccountNameTest()[pri:3, instance:com.hotspot.tests.HomePageTest@1134affc]" name="verifyLoggedInUserAccountNameTest" duration-ms="10149" started-at="2019-07-03T10:35:19Z" finished-at="2019-07-03T10:35:29Z">
          <exception class="org.openqa.selenium.TimeoutException">
            <message>
              <![CDATA[Expected condition failed: waiting for visibility of element located by By.xpath: //span[@class='account-name '] (tried for 10 second(s) with 500 milliseconds interval)
Build info: version: '3.141.59', revision: 'e82be7d358', time: '2018-11-14T08:17:03'
System info: host: 'LAPTOP-O680H5P2', ip: '192.168.0.16', os.name: 'Windows 10', os.arch: 'amd64', os.version: '10.0', java.version: '1.8.0_171'
Driver info: org.openqa.selenium.chrome.ChromeDriver
Capabilities {acceptInsecureCerts: false, acceptSslCerts: false, applicationCacheEnabled: false, browserConnectionEnabled: false, browserName: chrome, chrome: {chromedriverVersion: 74.0.3729.6 (255758eccf3d24..., userDataDir: C:\Users\HPUSER~1\AppData\L...}, cssSelectorsEnabled: true, databaseEnabled: false, goog:chromeOptions: {debuggerAddress: localhost:50478}, handlesAlerts: true, hasTouchScreen: false, javascriptEnabled: true, locationContextEnabled: true, mobileEmulationEnabled: false, nativeEvents: true, networkConnectionEnabled: false, pageLoadStrategy: normal, platform: XP, platformName: XP, proxy: Proxy(), rotatable: false, setWindowRect: true, strictFileInteractability: false, takesHeapSnapshot: true, takesScreenshot: true, timeouts: {implicit: 0, pageLoad: 300000, script: 30000}, unexpectedAlertBehaviour: ignore, unhandledPromptBehavior: ignore, version: 75.0.3770.100, webStorageEnabled: true}
Session ID: 6c8565455ba290fb3d5946cc6d9cfb13]]>
            </message>
            <full-stacktrace>
              <![CDATA[org.openqa.selenium.TimeoutException: Expected condition failed: waiting for visibility of element located by By.xpath: //span[@class='account-name '] (tried for 10 second(s) with 500 milliseconds interval)
Build info: version: '3.141.59', revision: 'e82be7d358', time: '2018-11-14T08:17:03'
System info: host: 'LAPTOP-O680H5P2', ip: '192.168.0.16', os.name: 'Windows 10', os.arch: 'amd64', os.version: '10.0', java.version: '1.8.0_171'
Driver info: org.openqa.selenium.chrome.ChromeDriver
Capabilities {acceptInsecureCerts: false, acceptSslCerts: false, applicationCacheEnabled: false, browserConnectionEnabled: false, browserName: chrome, chrome: {chromedriverVersion: 74.0.3729.6 (255758eccf3d24..., userDataDir: C:\Users\HPUSER~1\AppData\L...}, cssSelectorsEnabled: true, databaseEnabled: false, goog:chromeOptions: {debuggerAddress: localhost:50478}, handlesAlerts: true, hasTouchScreen: false, javascriptEnabled: true, locationContextEnabled: true, mobileEmulationEnabled: false, nativeEvents: true, networkConnectionEnabled: false, pageLoadStrategy: normal, platform: XP, platformName: XP, proxy: Proxy(), rotatable: false, setWindowRect: true, strictFileInteractability: false, takesHeapSnapshot: true, takesScreenshot: true, timeouts: {implicit: 0, pageLoad: 300000, script: 30000}, unexpectedAlertBehaviour: ignore, unhandledPromptBehavior: ignore, version: 75.0.3770.100, webStorageEnabled: true}
Session ID: 6c8565455ba290fb3d5946cc6d9cfb13
	at org.openqa.selenium.support.ui.WebDriverWait.timeoutException(WebDriverWait.java:95)
	at org.openqa.selenium.support.ui.FluentWait.until(FluentWait.java:272)
	at com.hubspot.pages.HomePage.getLoggedInAccountValue(HomePage.java:42)
	at com.hotspot.tests.HomePageTest.verifyLoggedInUserAccountNameTest(HomePageTest.java:46)
	at sun.reflect.NativeMethodAccessorImpl.invoke0(Native Method)
	at sun.reflect.NativeMethodAccessorImpl.invoke(Unknown Source)
	at sun.reflect.DelegatingMethodAccessorImpl.invoke(Unknown Source)
	at java.lang.reflect.Method.invoke(Unknown Source)
	at org.testng.internal.MethodInvocationHelper.invokeMethod(MethodInvocationHelper.java:86)
	at org.testng.internal.Invoker.invokeMethod(Invoker.java:645)
	at org.testng.internal.Invoker.invokeTestMethod(Invoker.java:822)
	at org.testng.internal.Invoker.invokeTestMethods(Invoker.java:1130)
	at org.testng.internal.TestMethodWorker.invokeTestMethods(TestMethodWorker.java:129)
	at org.testng.internal.TestMethodWorker.run(TestMethodWorker.java:112)
	at org.testng.TestRunner.privateRun(TestRunner.java:782)
	at org.testng.TestRunner.run(TestRunner.java:632)
	at org.testng.SuiteRunner.runTest(SuiteRunner.java:366)
	at org.testng.SuiteRunner.runSequentially(SuiteRunner.java:361)
	at org.testng.SuiteRunner.privateRun(SuiteRunner.java:319)
	at org.testng.SuiteRunner.run(SuiteRunner.java:268)
	at org.testng.SuiteRunnerWorker.runSuite(SuiteRunnerWorker.java:52)
	at org.testng.SuiteRunnerWorker.run(SuiteRunnerWorker.java:86)
	at org.testng.TestNG.runSuitesSequentially(TestNG.java:1244)
	at org.testng.TestNG.runSuitesLocally(TestNG.java:1169)
	at org.testng.TestNG.run(TestNG.java:1064)
	at org.testng.remote.RemoteTestNG.run(RemoteTestNG.java:113)
	at org.testng.remote.RemoteTestNG.initAndRun(RemoteTestNG.java:206)
	at org.testng.remote.RemoteTestNG.main(RemoteTestNG.java:177)
]]>
            </full-stacktrace>
          </exception> <!-- org.openqa.selenium.TimeoutException -->
          <reporter-output>
          </reporter-output>
        </test-method> <!-- verifyLoggedInUserAccountNameTest -->
        <test-method status="PASS" signature="tearDown()[pri:0, instance:com.hotspot.tests.HomePageTest@1134affc]" name="tearDown" is-config="true" duration-ms="746" started-at="2019-07-03T10:35:29Z" finished-at="2019-07-03T10:35:30Z">
          <reporter-output>
          </reporter-output>
        </test-method> <!-- tearDown -->
      </class> <!-- com.hotspot.tests.HomePageTest -->
    </test> <!-- hub spot regression Test -->
  </suite> <!-- Suite -->
</testng-results>
