<?xml version="1.0" encoding="UTF-8"?>
<testng-results skipped="0" failed="0" total="1" passed="1">
  <reporter-output>
  </reporter-output>
  <suite name="Default suite" duration-ms="24065" started-at="2019-07-03T23:21:41Z" finished-at="2019-07-03T23:22:05Z">
    <groups>
    </groups>
    <test name="Default test" duration-ms="24065" started-at="2019-07-03T23:21:41Z" finished-at="2019-07-03T23:22:05Z">
      <class name="com.hotspot.tests.HomePageTest">
        <test-method status="PASS" signature="setUp()[pri:0, instance:com.hotspot.tests.HomePageTest@7b5a12ae]" name="setUp" is-config="true" duration-ms="22070" started-at="2019-07-03T19:21:41Z" finished-at="2019-07-03T19:22:03Z">
          <reporter-output>
          </reporter-output>
        </test-method> <!-- setUp -->
        <test-method status="PASS" signature="getBrokenLinkTest()[pri:0, instance:com.hotspot.tests.HomePageTest@7b5a12ae]" name="getBrokenLinkTest" duration-ms="761" started-at="2019-07-03T19:22:03Z" finished-at="2019-07-03T19:22:04Z">
          <reporter-output>
          </reporter-output>
        </test-method> <!-- getBrokenLinkTest -->
        <test-method status="PASS" signature="tearDown()[pri:0, instance:com.hotspot.tests.HomePageTest@7b5a12ae]" name="tearDown" is-config="true" duration-ms="768" started-at="2019-07-03T19:22:04Z" finished-at="2019-07-03T19:22:05Z">
          <reporter-output>
          </reporter-output>
        </test-method> <!-- tearDown -->
      </class> <!-- com.hotspot.tests.HomePageTest -->
    </test> <!-- Default test -->
  </suite> <!-- Default suite -->
</testng-results>
